#
# A fatal error has been detected by the Java Runtime Environment:
#
#  EXCEPTION_ACCESS_VIOLATION (0xc0000005) at pc=0x00007ffb87532224, pid=4000, tid=4792
#
# JRE version: Java(TM) SE Runtime Environment (8.0_91-b14) (build 1.8.0_91-b14)
# Java VM: Java HotSpot(TM) 64-Bit Server VM (25.91-b14 mixed mode windows-amd64 compressed oops)
# Problematic frame:
# C  [OPENGL32.dll+0xe2224]
#
# Failed to write core dump. Minidumps are not enabled by default on client versions of Windows
#
# If you would like to submit a bug report, please visit:
#   http://bugreport.java.com/bugreport/crash.jsp
#

---------------  T H R E A D  ---------------

Current thread (0x0000000017158000):  VMThread [stack: 0x0000000018200000,0x0000000018300000] [id=4792]

siginfo: ExceptionCode=0xc0000005, reading address 0x0000000000000a38

Registers:
RAX=0x0000000000000000, RBX=0x0000000027390330, RCX=0x0000000000000001, RDX=0x0000000027390338
RSP=0x00000000182ff438, RBP=0x0000000000000000, RSI=0x0000000000000000, RDI=0x0000000027393c30
R8 =0x00000000182ff4e8, R9 =0x00000000025dfb20, R10=0x0000000000000000, R11=0x0000000000000246
R12=0x0000000000000000, R13=0x0000000027186b08, R14=0x00000000271869c0, R15=0x0000000000000000
RIP=0x00007ffb87532224, EFLAGS=0x0000000000010283

Top of Stack: (sp=0x00000000182ff438)
0x00000000182ff438:   00007ffb7ce82a6b 0000000000000000
0x00000000182ff448:   000000000000000c 0000000000000000
0x00000000182ff458:   0000000000000000 0000000027393c30
0x00000000182ff468:   00007ffb7ce583be 0000000027186b08
0x00000000182ff478:   0000000000000001 0000000027180000
0x00000000182ff488:   00007ffba3380ad9 0000000027189720
0x00000000182ff498:   00007ffb7ce88270 0000000000000000
0x00000000182ff4a8:   0000000000000000 0000000027186af0
0x00000000182ff4b8:   00007ffb7ce87583 fffffffffffffffe
0x00000000182ff4c8:   00000000182ff530 0000000000000000
0x00000000182ff4d8:   00007ffb7ce88b49 0000000027393c30
0x00000000182ff4e8:   0000000027189720 0000000027393c30
0x00000000182ff4f8:   00007ffb7cefc0a8 fffffffffffffffe
0x00000000182ff508:   0000000027189010 0000000000000001
0x00000000182ff518:   0000000027186ae8 00000000271869c0
0x00000000182ff528:   00007ffb7cf04805 00007ffb7d034a90 

Instructions: (pc=0x00007ffb87532224)
0x00007ffb87532204:   cc cc cc cc cc cc 66 0f 1f 44 00 00 8b 05 f2 7d
0x00007ffb87532214:   01 00 83 f8 40 73 0f 65 48 8b 04 c5 80 14 00 00
0x00007ffb87532224:   ff a0 38 0a 00 00 b8 47 01 00 00 e9 ec d4 ff ff
0x00007ffb87532234:   cc cc cc cc cc cc 66 0f 1f 44 00 00 8b 05 c2 7d 


Register to memory mapping:

RAX=0x0000000000000000 is an unknown value
RBX=0x0000000027390330 is an unknown value
RCX=0x0000000000000001 is an unknown value
RDX=0x0000000027390338 is an unknown value
RSP=0x00000000182ff438 is an unknown value
RBP=0x0000000000000000 is an unknown value
RSI=0x0000000000000000 is an unknown value
RDI=0x0000000027393c30 is an unknown value
R8 =0x00000000182ff4e8 is an unknown value
R9 =0x00000000025dfb20 is an unknown value
R10=0x0000000000000000 is an unknown value
R11=0x0000000000000246 is an unknown value
R12=0x0000000000000000 is an unknown value
R13=0x0000000027186b08 is an unknown value
R14=0x00000000271869c0 is an unknown value
R15=0x0000000000000000 is an unknown value


Stack: [0x0000000018200000,0x0000000018300000],  sp=0x00000000182ff438,  free space=1021k
Native frames: (J=compiled Java code, j=interpreted, Vv=VM code, C=native code)

VM_Operation (0x0000000019bbec10): Exit, mode: safepoint, requested by thread 0x0000000018ba0800


---------------  P R O C E S S  ---------------

Java Threads: ( => current thread )
  0x00000000237d4000 JavaThread "Keep-Alive-Timer" daemon [_thread_blocked, id=6688, stack(0x0000000027590000,0x0000000027690000)]
  0x0000000023664000 JavaThread "LWJGL Timer" daemon [_thread_blocked, id=8776, stack(0x0000000023eb0000,0x0000000023fb0000)]
  0x000000002365e800 JavaThread "AssetManager-Loader-Thread" daemon [_thread_blocked, id=8780, stack(0x0000000023db0000,0x0000000023eb0000)]
  0x0000000002540800 JavaThread "DestroyJavaVM" [_thread_blocked, id=8464, stack(0x0000000002340000,0x0000000002440000)]
  0x0000000018ba0800 JavaThread "LWJGL Application" [_thread_blocked, id=8988, stack(0x0000000019ac0000,0x0000000019bc0000)]
  0x0000000018a37800 JavaThread "Service Thread" daemon [_thread_blocked, id=8888, stack(0x0000000018e00000,0x0000000018f00000)]
  0x00000000171b2800 JavaThread "C1 CompilerThread2" daemon [_thread_blocked, id=8916, stack(0x0000000018900000,0x0000000018a00000)]
  0x0000000017194800 JavaThread "C2 CompilerThread1" daemon [_thread_blocked, id=8908, stack(0x0000000018800000,0x0000000018900000)]
  0x000000001718d800 JavaThread "C2 CompilerThread0" daemon [_thread_blocked, id=8884, stack(0x0000000018700000,0x0000000018800000)]
  0x000000001718b800 JavaThread "Attach Listener" daemon [_thread_blocked, id=8816, stack(0x0000000018600000,0x0000000018700000)]
  0x000000001718a800 JavaThread "Signal Dispatcher" daemon [_thread_blocked, id=8820, stack(0x0000000018500000,0x0000000018600000)]
  0x000000001717a800 JavaThread "Finalizer" daemon [_thread_blocked, id=8880, stack(0x0000000018400000,0x0000000018500000)]
  0x000000000262f000 JavaThread "Reference Handler" daemon [_thread_blocked, id=6924, stack(0x0000000018300000,0x0000000018400000)]

Other Threads:
=>0x0000000017158000 VMThread [stack: 0x0000000018200000,0x0000000018300000] [id=4792]

VM state:at safepoint (shutting down)

VM Mutex/Monitor currently owned by a thread:  ([mutex/lock_event])
[0x000000000253c230] Threads_lock - owner thread: 0x0000000017158000

Heap:
 PSYoungGen      total 38400K, used 14675K [0x00000000d5d80000, 0x00000000d8800000, 0x0000000100000000)
  eden space 33280K, 44% used [0x00000000d5d80000,0x00000000d6bd4cc8,0x00000000d7e00000)
  from space 5120K, 0% used [0x00000000d8300000,0x00000000d8300000,0x00000000d8800000)
  to   space 5120K, 0% used [0x00000000d7e00000,0x00000000d7e00000,0x00000000d8300000)
 ParOldGen       total 87552K, used 0K [0x0000000081800000, 0x0000000086d80000, 0x00000000d5d80000)
  object space 87552K, 0% used [0x0000000081800000,0x0000000081800000,0x0000000086d80000)
 Metaspace       used 7361K, capacity 7506K, committed 7680K, reserved 1056768K
  class space    used 707K, capacity 752K, committed 768K, reserved 1048576K

Card table byte_map: [0x0000000011a00000,0x0000000011e00000] byte_map_base: 0x00000000115f4000

Marking Bits: (ParMarkBitMap*) 0x00000000543a2f70
 Begin Bits: [0x00000000124b0000, 0x0000000014450000)
 End Bits:   [0x0000000014450000, 0x00000000163f0000)

Polling page: 0x0000000000ac0000

CodeCache: size=245760Kb used=3158Kb max_used=3173Kb free=242601Kb
 bounds [0x0000000002640000, 0x0000000002960000, 0x0000000011640000]
 total_blobs=1254 nmethods=815 adapters=353
 compilation: enabled

Compilation events (10 events):
Event: 17.131 Thread 0x000000001718d800  810       4       com.badlogic.gdx.scenes.scene2d.ui.Table::hit (63 bytes)
Event: 17.140 Thread 0x000000001718d800 nmethod 810 0x000000000294add0 code [0x000000000294af60, 0x000000000294b268]
Event: 17.181 Thread 0x0000000017194800  811       4       com.badlogic.gdx.scenes.scene2d.ui.Table::draw (154 bytes)
Event: 17.193 Thread 0x0000000017194800 nmethod 811 0x00000000029536d0 code [0x0000000002953860, 0x0000000002953d48]
Event: 17.398 Thread 0x000000001718d800  812       4       com.badlogic.gdx.scenes.scene2d.Group::drawChildren (559 bytes)
Event: 17.430 Thread 0x000000001718d800 nmethod 812 0x0000000002957590 code [0x0000000002957740, 0x00000000029581d0]
Event: 17.837 Thread 0x0000000017194800  813  s!   4       sun.misc.URLClassPath::getLoader (197 bytes)
Event: 17.850 Thread 0x00000000171b2800  814  s    3       java.util.Vector::elementAt (48 bytes)
Event: 17.851 Thread 0x00000000171b2800 nmethod 814 0x0000000002954550 code [0x0000000002954760, 0x0000000002955328]
Event: 17.862 Thread 0x0000000017194800 nmethod 813 0x000000000295b850 code [0x000000000295ba60, 0x000000000295cc00]

GC Heap History (0 events):
No events

Deoptimization events (2 events):
Event: 2.373 Thread 0x0000000018ba0800 Uncommon trap: reason=unstable_if action=reinterpret pc=0x000000000282dfac method=java.lang.String.<init>([CII)V @ 18
Event: 2.697 Thread 0x0000000018ba0800 Uncommon trap: reason=unstable_if action=reinterpret pc=0x000000000283583c method=java.lang.String.<init>([CII)V @ 18

Internal exceptions (10 events):
Event: 0.162 Thread 0x0000000002540800 Exception <a 'java/security/PrivilegedActionException'> (0x00000000d5f64bf0) thrown at [C:\re\workspace\8-2-build-windows-amd64-cygwin\jdk8u91\6644\hotspot\src\share\vm\prims\jvm.cpp, line 1386]
Event: 0.369 Thread 0x0000000002540800 Exception <a 'java/security/PrivilegedActionException'> (0x00000000d600b890) thrown at [C:\re\workspace\8-2-build-windows-amd64-cygwin\jdk8u91\6644\hotspot\src\share\vm\prims\jvm.cpp, line 1386]
Event: 0.369 Thread 0x0000000002540800 Exception <a 'java/security/PrivilegedActionException'> (0x00000000d600d568) thrown at [C:\re\workspace\8-2-build-windows-amd64-cygwin\jdk8u91\6644\hotspot\src\share\vm\prims\jvm.cpp, line 1386]
Event: 0.370 Thread 0x0000000002540800 Exception <a 'java/security/PrivilegedActionException'> (0x00000000d600e6d8) thrown at [C:\re\workspace\8-2-build-windows-amd64-cygwin\jdk8u91\6644\hotspot\src\share\vm\prims\jvm.cpp, line 1386]
Event: 0.370 Thread 0x0000000002540800 Exception <a 'java/security/PrivilegedActionException'> (0x00000000d6013b30) thrown at [C:\re\workspace\8-2-build-windows-amd64-cygwin\jdk8u91\6644\hotspot\src\share\vm\prims\jvm.cpp, line 1386]
Event: 0.370 Thread 0x0000000002540800 Exception <a 'java/security/PrivilegedActionException'> (0x00000000d6014788) thrown at [C:\re\workspace\8-2-build-windows-amd64-cygwin\jdk8u91\6644\hotspot\src\share\vm\prims\jvm.cpp, line 1386]
Event: 0.370 Thread 0x0000000002540800 Exception <a 'java/security/PrivilegedActionException'> (0x00000000d60153b0) thrown at [C:\re\workspace\8-2-build-windows-amd64-cygwin\jdk8u91\6644\hotspot\src\share\vm\prims\jvm.cpp, line 1386]
Event: 0.371 Thread 0x0000000002540800 Exception <a 'java/security/PrivilegedActionException'> (0x00000000d6019ff8) thrown at [C:\re\workspace\8-2-build-windows-amd64-cygwin\jdk8u91\6644\hotspot\src\share\vm\prims\jvm.cpp, line 1386]
Event: 0.371 Thread 0x0000000002540800 Exception <a 'java/security/PrivilegedActionException'> (0x00000000d601ac50) thrown at [C:\re\workspace\8-2-build-windows-amd64-cygwin\jdk8u91\6644\hotspot\src\share\vm\prims\jvm.cpp, line 1386]
Event: 0.371 Thread 0x0000000002540800 Exception <a 'java/security/PrivilegedActionException'> (0x00000000d601b8c0) thrown at [C:\re\workspace\8-2-build-windows-amd64-cygwin\jdk8u91\6644\hotspot\src\share\vm\prims\jvm.cpp, line 1386]

Events (10 events):
Event: 17.890 loading class java/util/HashMap$Values done
Event: 17.890 loading class java/util/HashMap$ValueIterator
Event: 17.890 loading class java/util/HashMap$ValueIterator done
Event: 17.891 loading class java/util/IdentityHashMap$KeySet
Event: 17.891 loading class java/util/IdentityHashMap$KeySet done
Event: 17.891 loading class java/util/IdentityHashMap$KeyIterator
Event: 17.891 loading class java/util/IdentityHashMap$IdentityHashMapIterator
Event: 17.892 loading class java/util/IdentityHashMap$IdentityHashMapIterator done
Event: 17.892 loading class java/util/IdentityHashMap$KeyIterator done
Event: 17.892 Executing VM operation: Exit


Dynamic libraries:
0x00007ff647e50000 - 0x00007ff647e87000 	C:\Program Files\Java\jre1.8.0_91\bin\javaw.exe
0x00007ffba3360000 - 0x00007ffba3521000 	C:\WINDOWS\SYSTEM32\ntdll.dll
0x00007ffba1320000 - 0x00007ffba13cd000 	C:\WINDOWS\system32\KERNEL32.DLL
0x00007ffba03a0000 - 0x00007ffba0588000 	C:\WINDOWS\system32\KERNELBASE.dll
0x00007ffba1120000 - 0x00007ffba11c7000 	C:\WINDOWS\system32\ADVAPI32.dll
0x00007ffba31f0000 - 0x00007ffba328d000 	C:\WINDOWS\system32\msvcrt.dll
0x00007ffba09e0000 - 0x00007ffba0a3b000 	C:\WINDOWS\system32\sechost.dll
0x00007ffba1000000 - 0x00007ffba111c000 	C:\WINDOWS\system32\RPCRT4.dll
0x00007ffba16d0000 - 0x00007ffba1826000 	C:\WINDOWS\system32\USER32.dll
0x00007ffba14e0000 - 0x00007ffba1666000 	C:\WINDOWS\system32\GDI32.dll
0x00007ffb93e20000 - 0x00007ffb94094000 	C:\WINDOWS\WinSxS\amd64_microsoft.windows.common-controls_6595b64144ccf1df_6.0.10586.494_none_a2d8b04ea53e3145\COMCTL32.dll
0x00007ffba2f70000 - 0x00007ffba31ed000 	C:\WINDOWS\system32\combase.dll
0x00007ffba0140000 - 0x00007ffba01aa000 	C:\WINDOWS\system32\bcryptPrimitives.dll
0x00007ffba0a40000 - 0x00007ffba0a7b000 	C:\WINDOWS\system32\IMM32.DLL
0x0000000053900000 - 0x00000000539d2000 	C:\Program Files\Java\jre1.8.0_91\bin\msvcr100.dll
0x0000000053b90000 - 0x0000000054423000 	C:\Program Files\Java\jre1.8.0_91\bin\server\jvm.dll
0x00007ffba2d90000 - 0x00007ffba2d98000 	C:\WINDOWS\system32\PSAPI.DLL
0x00007ffb95350000 - 0x00007ffb95359000 	C:\WINDOWS\SYSTEM32\WSOCK32.dll
0x00007ffb9dcc0000 - 0x00007ffb9dce3000 	C:\WINDOWS\SYSTEM32\WINMM.dll
0x00007ffba0b40000 - 0x00007ffba0bab000 	C:\WINDOWS\system32\WS2_32.dll
0x00007ffb9bbc0000 - 0x00007ffb9bbca000 	C:\WINDOWS\SYSTEM32\VERSION.dll
0x00007ffb9dc60000 - 0x00007ffb9dc8c000 	C:\WINDOWS\SYSTEM32\WINMMBASE.dll
0x00007ffba0240000 - 0x00007ffba0283000 	C:\WINDOWS\system32\cfgmgr32.dll
0x0000000053aa0000 - 0x0000000053aaf000 	C:\Program Files\Java\jre1.8.0_91\bin\verify.dll
0x0000000053a70000 - 0x0000000053a99000 	C:\Program Files\Java\jre1.8.0_91\bin\java.dll
0x0000000053a50000 - 0x0000000053a66000 	C:\Program Files\Java\jre1.8.0_91\bin\zip.dll
0x00007ffba1830000 - 0x00007ffba2d8c000 	C:\WINDOWS\system32\SHELL32.dll
0x00007ffb9fa10000 - 0x00007ffba0055000 	C:\WINDOWS\system32\windows.storage.dll
0x00007ffba1670000 - 0x00007ffba16c2000 	C:\WINDOWS\system32\shlwapi.dll
0x00007ffb9f980000 - 0x00007ffb9f98f000 	C:\WINDOWS\system32\kernel.appcore.dll
0x00007ffba0060000 - 0x00007ffba0115000 	C:\WINDOWS\system32\shcore.dll
0x00007ffb9f990000 - 0x00007ffb9f9db000 	C:\WINDOWS\system32\powrprof.dll
0x00007ffb9f9f0000 - 0x00007ffb9fa04000 	C:\WINDOWS\system32\profapi.dll
0x0000000065580000 - 0x000000006560d000 	C:\Users\James\AppData\Local\Temp\libgdxJames\123946040\gdx64.dll
0x0000000180000000 - 0x0000000180050000 	C:\Users\James\AppData\Local\Temp\libgdxJames\27538956\lwjgl64.dll
0x00007ffb87450000 - 0x00007ffb87579000 	C:\WINDOWS\SYSTEM32\OPENGL32.dll
0x00007ffb977d0000 - 0x00007ffb977fe000 	C:\WINDOWS\SYSTEM32\GLU32.dll
0x00007ffb87350000 - 0x00007ffb8744a000 	C:\WINDOWS\SYSTEM32\DDRAW.dll
0x00007ffb97de0000 - 0x00007ffb97de8000 	C:\WINDOWS\SYSTEM32\DCIMAN32.dll
0x00000000022c0000 - 0x0000000002322000 	C:\Users\James\AppData\Local\Temp\libgdxJames\27538956\OpenAL64.dll
0x00007ffba11d0000 - 0x00007ffba1313000 	C:\WINDOWS\system32\ole32.dll
0x00007ffb9e300000 - 0x00007ffb9e396000 	C:\WINDOWS\system32\uxtheme.dll
0x00007ffb93390000 - 0x00007ffb933bb000 	C:\PROGRA~2\RAPTRI~1\PlaysTV\ltc_help64-114622.dll
0x00007ffba0290000 - 0x00007ffba02e5000 	C:\WINDOWS\system32\WINTRUST.dll
0x00007ffb9f9e0000 - 0x00007ffb9f9f0000 	C:\WINDOWS\system32\MSASN1.dll
0x00007ffba0590000 - 0x00007ffba0758000 	C:\WINDOWS\system32\CRYPT32.dll
0x00007ffb93b90000 - 0x00007ffb93bbb000 	C:\PROGRA~2\RAPTRI~1\Raptr\ltc_help64-114622.dll
0x00007ffba0a80000 - 0x00007ffba0b27000 	C:\WINDOWS\system32\clbcatq.dll
0x00007ffb9d980000 - 0x00007ffb9db06000 	C:\WINDOWS\System32\PROPSYS.dll
0x00007ffba3290000 - 0x00007ffba3351000 	C:\WINDOWS\system32\OLEAUT32.dll
0x00007ffb978f0000 - 0x00007ffb9798c000 	C:\WINDOWS\SYSTEM32\dsound.dll
0x00007ffb99e70000 - 0x00007ffb99ee0000 	C:\WINDOWS\System32\MMDevApi.dll
0x00007ffb9e450000 - 0x00007ffb9e477000 	C:\WINDOWS\System32\DEVOBJ.dll
0x00007ffb96610000 - 0x00007ffb96698000 	C:\WINDOWS\SYSTEM32\AUDIOSES.DLL
0x00007ffb9af30000 - 0x00007ffb9b066000 	C:\WINDOWS\SYSTEM32\wintypes.dll
0x00007ffba2da0000 - 0x00007ffba2efa000 	C:\WINDOWS\system32\MSCTF.dll
0x00007ffb9d910000 - 0x00007ffb9d932000 	C:\WINDOWS\system32\dwmapi.dll
0x00007ffb98ca0000 - 0x00007ffb98cbf000 	C:\WINDOWS\SYSTEM32\atig6pxx.dll
0x0000000051b70000 - 0x00000000538f3000 	C:\WINDOWS\SYSTEM32\atio6axx.dll
0x00007ffba0bd0000 - 0x00007ffba0ff9000 	C:\WINDOWS\system32\SETUPAPI.dll
0x00007ffb91aa0000 - 0x00007ffb91bee000 	C:\WINDOWS\SYSTEM32\atiadlxx.dll
0x00007ffb9c470000 - 0x00007ffb9c4a8000 	C:\WINDOWS\SYSTEM32\IPHLPAPI.DLL
0x00007ffb9d960000 - 0x00007ffb9d973000 	C:\WINDOWS\SYSTEM32\WTSAPI32.dll
0x00007ffb9f0e0000 - 0x00007ffb9f0ff000 	C:\WINDOWS\SYSTEM32\USERENV.dll
0x00007ffb98c60000 - 0x00007ffb98c93000 	C:\WINDOWS\SYSTEM32\atig6txx.dll
0x00007ffb97840000 - 0x00007ffb978d1000 	C:\WINDOWS\SYSTEM32\mscms.dll
0x00007ffb91a50000 - 0x00007ffb91a92000 	C:\WINDOWS\SYSTEM32\icm32.dll
0x0000000053a30000 - 0x0000000053a4a000 	C:\Program Files\Java\jre1.8.0_91\bin\net.dll
0x00007ffb9f250000 - 0x00007ffb9f2ac000 	C:\WINDOWS\system32\mswsock.dll
0x00007ffb9e3a0000 - 0x00007ffb9e44a000 	C:\WINDOWS\SYSTEM32\DNSAPI.dll
0x00007ffba07c0000 - 0x00007ffba07c8000 	C:\WINDOWS\system32\NSI.dll
0x00007ffb95a20000 - 0x00007ffb95a2a000 	C:\Windows\System32\rasadhlp.dll
0x00007ffb99b70000 - 0x00007ffb99bd7000 	C:\WINDOWS\System32\fwpuclnt.dll
0x00007ffb9f8b0000 - 0x00007ffb9f8d9000 	C:\WINDOWS\SYSTEM32\bcrypt.dll
0x00007ffb9f300000 - 0x00007ffb9f317000 	C:\WINDOWS\system32\CRYPTSP.dll
0x00007ffb9ef90000 - 0x00007ffb9efc4000 	C:\WINDOWS\system32\rsaenh.dll
0x00007ffb9f420000 - 0x00007ffb9f42b000 	C:\WINDOWS\SYSTEM32\CRYPTBASE.dll
0x00007ffba0bb0000 - 0x00007ffba0bcc000 	C:\WINDOWS\system32\imagehlp.dll
0x00007ffb9e980000 - 0x00007ffb9e9a4000 	C:\WINDOWS\SYSTEM32\gpapi.dll
0x00007ffb962e0000 - 0x00007ffb9630f000 	C:\Windows\System32\cryptnet.dll
0x00007ffb9a1a0000 - 0x00007ffb9a1ab000 	C:\WINDOWS\SYSTEM32\WINNSI.DLL
0x00007ffb82f60000 - 0x00007ffb83193000 	C:\PROGRA~2\RAPTRI~1\Raptr\ltc_game64-114622.dll
0x00007ffb7ce20000 - 0x00007ffb7d051000 	C:\PROGRA~2\RAPTRI~1\PlaysTV\ltc_game64-114622.dll
0x00007ffb98e40000 - 0x00007ffb98fcc000 	C:\WINDOWS\SYSTEM32\dbghelp.dll

VM Arguments:
jvm_args: -Dfile.encoding=Cp1252 
java_command: com.pennypop.project.ProjectApplication
java_class_path (initial): C:\Users\James\Desktop\project\bin;C:\Users\James\Desktop\project\libs\gdx-audio-natives.jar;C:\Users\James\Desktop\project\libs\gdx-audio.jar;C:\Users\James\Desktop\project\libs\gdx-backend-lwjgl-natives.jar;C:\Users\James\Desktop\project\libs\gdx-backend-lwjgl.jar;C:\Users\James\Desktop\project\libs\gdx-jnigen.jar;C:\Users\James\Desktop\project\libs\gdx-openal.jar;C:\Users\James\Desktop\project\libs\gdx.jar;C:\Users\James\Desktop\project\libs\gdx-natives.jar;C:\Users\James\Desktop\project\libs\json-20160212.jar
Launcher Type: SUN_STANDARD

Environment Variables:
PATH=C:/Program Files/Java/jre1.8.0_91/bin/server;C:/Program Files/Java/jre1.8.0_91/bin;C:/Program Files/Java/jre1.8.0_91/lib/amd64;C:\ProgramData\Oracle\Java\javapath;C:\Program Files (x86)\NVIDIA Corporation\PhysX\Common;C:\WINDOWS\system32;C:\WINDOWS;C:\WINDOWS\System32\Wbem;C:\WINDOWS\System32\WindowsPowerShell\v1.0\;C:\Program Files (x86)\ATI Technologies\ATI.ACE\Core-Static;C:\Program Files (x86)\QuickTime\QTSystem\;C:\Program Files (x86)\MySQL\MySQL Fabric 1.5.4 & MySQL Utilities 1.5.4 1.5\;C:\Program Files (x86)\MySQL\MySQL Fabric 1.5.4 & MySQL Utilities 1.5.4 1.5\Doctrine extensions for PHP\;C:\Program Files (x86)\AMD\ATI.ACE\Core-Static;C:\Program Files (x86)\GtkSharp\2.12\bin;c:\Users\James\AppData\Local\atom\bin;C:\Users\James\AppData\Local\atom\bin;C:\WINDOWS\System32;
USERNAME=James
OS=Windows_NT
PROCESSOR_IDENTIFIER=AMD64 Family 21 Model 2 Stepping 0, AuthenticAMD



---------------  S Y S T E M  ---------------

OS: Windows 10.0 , 64 bit Build 10586 (10.0.10586.0)

CPU:total 4 (4 cores per cpu, 1 threads per core) family 21 model 2 stepping 0, cmov, cx8, fxsr, mmx, sse, sse2, sse3, ssse3, sse4.1, sse4.2, popcnt, avx, aes, clmul, mmxext, 3dnowpref, lzcnt, sse4a, tsc, tscinvbit, tscinv, bmi1

Memory: 4k page, physical 8282748k(4629360k free), swap 9593468k(4747616k free)

vm_info: Java HotSpot(TM) 64-Bit Server VM (25.91-b14) for windows-amd64 JRE (1.8.0_91-b14), built on Apr  1 2016 00:58:32 by "java_re" with MS VC++ 10.0 (VS2010)

time: Sun Jul 31 08:52:05 2016
elapsed time: 17 seconds (0d 0h 0m 17s)

